[2026-04-24 19:00:32,252][__main__][INFO] - [rank: 0] Instantiating datamodule <vam.datalib.finetuning_datamodule.MixFinetuningDataModule>
[2026-04-24 19:00:32,272][__main__][INFO] - [rank: 0] Instantiating model <vam.video_pretraining.NextTokenPredictor>
[2026-04-24 19:00:32,281][vam.utils.task_utils][ERROR] - [rank: 0] 
Traceback (most recent call last):
  File "/raid/zengchaolv/sz/vavim_finetune_nuscenes/env/lib/python3.10/site-packages/hydra/_internal/instantiate/_instantiate2.py", line 92, in _call_target
    return _target_(*args, **kwargs)
TypeError: NextTokenPredictor.__init__() got an unexpected keyword argument 'ckpt_path'

The above exception was the direct cause of the following exception:

Traceback (most recent call last):
  File "/raid/zengchaolv/sz/vavim_finetune_nuscenes/vam/utils/task_utils.py", line 63, in wrap
    metric_dict, object_dict = task_func(config=config)
  File "/raid/zengchaolv/sz/vavim_finetune_nuscenes/vam/train.py", line 68, in train
    model: LightningModule = hydra.utils.instantiate(config.model, scheduler_conf=config.scheduler, _recursive_=False)
  File "/raid/zengchaolv/sz/vavim_finetune_nuscenes/env/lib/python3.10/site-packages/hydra/_internal/instantiate/_instantiate2.py", line 226, in instantiate
    return instantiate_node(
  File "/raid/zengchaolv/sz/vavim_finetune_nuscenes/env/lib/python3.10/site-packages/hydra/_internal/instantiate/_instantiate2.py", line 347, in instantiate_node
    return _call_target(_target_, partial, args, kwargs, full_key)
  File "/raid/zengchaolv/sz/vavim_finetune_nuscenes/env/lib/python3.10/site-packages/hydra/_internal/instantiate/_instantiate2.py", line 97, in _call_target
    raise InstantiationException(msg) from e
hydra.errors.InstantiationException: Error in call to target 'vam.video_pretraining.next_token_predictor.NextTokenPredictor':
TypeError("NextTokenPredictor.__init__() got an unexpected keyword argument 'ckpt_path'")
full_key: model
[2026-04-24 19:00:32,282][vam.utils.task_utils][INFO] - [rank: 0] Output dir: /raid/zengchaolv/sz/vavim_finetune_nuscenes/output
