[2026-04-25 14:06:21,395][__main__][INFO] - [rank: 0] Instantiating datamodule <vam.datalib.finetuning_datamodule.MixFinetuningDataModule>
[2026-04-25 14:06:21,727][__main__][INFO] - [rank: 0] Finetuning | past global_step = 139763 
[2026-04-25 14:06:21,727][__main__][INFO] - [rank: 0] Finetuning | scheduler.end_iter=289526 ; scheduler.drop_iter=10000
[2026-04-25 14:06:21,727][__main__][INFO] - [rank: 0] Instantiating model <vam.video_pretraining.NextTokenPredictor>
[2026-04-25 14:06:24,004][__main__][INFO] - [rank: 0] Instantiating callbacks...
[2026-04-25 14:06:24,009][vam.utils.instantiators][WARNING] - [rank: 0] No callback configs found! Skipping..
[2026-04-25 14:06:24,009][__main__][INFO] - [rank: 0] Instantiating loggers...
[2026-04-25 14:06:24,009][vam.utils.instantiators][WARNING] - [rank: 0] No logger configs found! Skipping...
[2026-04-25 14:06:24,010][__main__][INFO] - [rank: 0] Instantiating trainer <lightning.pytorch.trainer.Trainer>
[2026-04-25 14:06:24,134][__main__][INFO] - [rank: 0] Starting training!
[2026-04-25 21:31:45,779][vam.utils.task_utils][ERROR] - [rank: 0] 
Traceback (most recent call last):
  File "/raid/zengchaolv/sz/vavim_finetune_nuscenes/vam/utils/task_utils.py", line 63, in wrap
    metric_dict, object_dict = task_func(config=config)
  File "/raid/zengchaolv/sz/vavim_finetune_nuscenes/vam/train.py", line 97, in train
    trainer.fit(model=model, datamodule=datamodule)
  File "/raid/zengchaolv/sz/vavim_finetune_nuscenes/env/lib/python3.10/site-packages/lightning/pytorch/trainer/trainer.py", line 584, in fit
    call._call_and_handle_interrupt(
  File "/raid/zengchaolv/sz/vavim_finetune_nuscenes/env/lib/python3.10/site-packages/lightning/pytorch/trainer/call.py", line 49, in _call_and_handle_interrupt
    return trainer_fn(*args, **kwargs)
  File "/raid/zengchaolv/sz/vavim_finetune_nuscenes/env/lib/python3.10/site-packages/lightning/pytorch/trainer/trainer.py", line 630, in _fit_impl
    self._run(model, ckpt_path=ckpt_path, weights_only=weights_only)
  File "/raid/zengchaolv/sz/vavim_finetune_nuscenes/env/lib/python3.10/site-packages/lightning/pytorch/trainer/trainer.py", line 1079, in _run
    results = self._run_stage()
  File "/raid/zengchaolv/sz/vavim_finetune_nuscenes/env/lib/python3.10/site-packages/lightning/pytorch/trainer/trainer.py", line 1123, in _run_stage
    self.fit_loop.run()
  File "/raid/zengchaolv/sz/vavim_finetune_nuscenes/env/lib/python3.10/site-packages/lightning/pytorch/loops/fit_loop.py", line 217, in run
    self.advance()
  File "/raid/zengchaolv/sz/vavim_finetune_nuscenes/env/lib/python3.10/site-packages/lightning/pytorch/loops/fit_loop.py", line 465, in advance
    self.epoch_loop.run(self._data_fetcher)
  File "/raid/zengchaolv/sz/vavim_finetune_nuscenes/env/lib/python3.10/site-packages/lightning/pytorch/loops/training_epoch_loop.py", line 153, in run
    self.advance(data_fetcher)
  File "/raid/zengchaolv/sz/vavim_finetune_nuscenes/env/lib/python3.10/site-packages/lightning/pytorch/loops/training_epoch_loop.py", line 375, in advance
    call._call_callback_hooks(trainer, "on_train_batch_end", batch_output, batch, batch_idx)
  File "/raid/zengchaolv/sz/vavim_finetune_nuscenes/env/lib/python3.10/site-packages/lightning/pytorch/trainer/call.py", line 228, in _call_callback_hooks
    fn(trainer, trainer.lightning_module, *args, **kwargs)
  File "/raid/zengchaolv/sz/vavim_finetune_nuscenes/env/lib/python3.10/site-packages/lightning/pytorch/callbacks/progress/rich_progress.py", line 599, in on_train_batch_end
    self._update_metrics(trainer, pl_module)
  File "/raid/zengchaolv/sz/vavim_finetune_nuscenes/env/lib/python3.10/site-packages/lightning/pytorch/callbacks/progress/rich_progress.py", line 695, in _update_metrics
    metrics = self.get_metrics(trainer, pl_module)
  File "/raid/zengchaolv/sz/vavim_finetune_nuscenes/env/lib/python3.10/site-packages/lightning/pytorch/callbacks/progress/rich_progress.py", line 683, in get_metrics
    items = super().get_metrics(trainer, pl_module)
  File "/raid/zengchaolv/sz/vavim_finetune_nuscenes/env/lib/python3.10/site-packages/lightning/pytorch/callbacks/progress/progress_bar.py", line 201, in get_metrics
    pbar_metrics = trainer.progress_bar_metrics
  File "/raid/zengchaolv/sz/vavim_finetune_nuscenes/env/lib/python3.10/site-packages/lightning/pytorch/trainer/trainer.py", line 1734, in progress_bar_metrics
    return self._logger_connector.progress_bar_metrics
  File "/raid/zengchaolv/sz/vavim_finetune_nuscenes/env/lib/python3.10/site-packages/lightning/pytorch/trainer/connectors/logger_connector/logger_connector.py", line 263, in progress_bar_metrics
    metrics = self.metrics["pbar"]
  File "/raid/zengchaolv/sz/vavim_finetune_nuscenes/env/lib/python3.10/site-packages/lightning/pytorch/trainer/connectors/logger_connector/logger_connector.py", line 244, in metrics
    return self.trainer._results.metrics(on_step)
  File "/raid/zengchaolv/sz/vavim_finetune_nuscenes/env/lib/python3.10/site-packages/lightning/pytorch/trainer/connectors/logger_connector/result.py", line 492, in metrics
    metrics["pbar"][forked_name] = convert_tensors_to_scalars(value)
  File "/raid/zengchaolv/sz/vavim_finetune_nuscenes/env/lib/python3.10/site-packages/lightning/fabric/utilities/apply_func.py", line 136, in convert_tensors_to_scalars
    return apply_to_collection(data, Tensor, to_item)
  File "/raid/zengchaolv/sz/vavim_finetune_nuscenes/env/lib/python3.10/site-packages/lightning_utilities/core/apply_func.py", line 70, in apply_to_collection
    return function(data, *args, **kwargs)
  File "/raid/zengchaolv/sz/vavim_finetune_nuscenes/env/lib/python3.10/site-packages/lightning/fabric/utilities/apply_func.py", line 134, in to_item
    return value.item()
  File "/raid/zengchaolv/sz/vavim_finetune_nuscenes/env/lib/python3.10/site-packages/torch/utils/data/_utils/signal_handling.py", line 67, in handler
    _error_if_any_worker_fails()
RuntimeError: DataLoader worker (pid 4121573) is killed by signal: Terminated. 
[2026-04-25 21:31:45,781][vam.utils.task_utils][INFO] - [rank: 0] Output dir: /raid/zengchaolv/sz/vavim_finetune_nuscenes/output
