[2026-04-24 19:12:49,096][__main__][INFO] - [rank: 0] Instantiating datamodule <vam.datalib.finetuning_datamodule.MixFinetuningDataModule>
[2026-04-24 19:12:49,730][__main__][INFO] - [rank: 0] Finetuning | past global_step = 139763 
[2026-04-24 19:12:49,774][__main__][INFO] - [rank: 0] Finetuning | scheduler.end_iter=149763 ; scheduler.drop_iter=10000
[2026-04-24 19:12:49,774][__main__][INFO] - [rank: 0] Instantiating model <vam.video_pretraining.NextTokenPredictor>
[2026-04-24 19:12:56,984][__main__][INFO] - [rank: 0] Instantiating callbacks...
[2026-04-24 19:12:56,985][vam.utils.instantiators][WARNING] - [rank: 0] No callback configs found! Skipping..
[2026-04-24 19:12:56,985][__main__][INFO] - [rank: 0] Instantiating loggers...
[2026-04-24 19:12:56,985][vam.utils.instantiators][WARNING] - [rank: 0] No logger configs found! Skipping...
[2026-04-24 19:12:56,985][__main__][INFO] - [rank: 0] Instantiating trainer <lightning.pytorch.trainer.Trainer>
[2026-04-24 19:12:57,271][__main__][INFO] - [rank: 0] Starting training!
[2026-04-24 19:13:11,016][vam.utils.task_utils][ERROR] - [rank: 0] 
Traceback (most recent call last):
  File "/raid/zengchaolv/sz/vavim_finetune_nuscenes/vam/utils/task_utils.py", line 63, in wrap
    metric_dict, object_dict = task_func(config=config)
  File "/raid/zengchaolv/sz/vavim_finetune_nuscenes/vam/train.py", line 94, in train
    trainer.fit(model=model, datamodule=datamodule, ckpt_path=config.get("ckpt_path"))
  File "/raid/zengchaolv/sz/vavim_finetune_nuscenes/env/lib/python3.10/site-packages/lightning/pytorch/trainer/trainer.py", line 584, in fit
    call._call_and_handle_interrupt(
  File "/raid/zengchaolv/sz/vavim_finetune_nuscenes/env/lib/python3.10/site-packages/lightning/pytorch/trainer/call.py", line 49, in _call_and_handle_interrupt
    return trainer_fn(*args, **kwargs)
  File "/raid/zengchaolv/sz/vavim_finetune_nuscenes/env/lib/python3.10/site-packages/lightning/pytorch/trainer/trainer.py", line 630, in _fit_impl
    self._run(model, ckpt_path=ckpt_path, weights_only=weights_only)
  File "/raid/zengchaolv/sz/vavim_finetune_nuscenes/env/lib/python3.10/site-packages/lightning/pytorch/trainer/trainer.py", line 1053, in _run
    self.strategy.setup(self)
  File "/raid/zengchaolv/sz/vavim_finetune_nuscenes/env/lib/python3.10/site-packages/lightning/pytorch/strategies/strategy.py", line 159, in setup
    self.setup_optimizers(trainer)
  File "/raid/zengchaolv/sz/vavim_finetune_nuscenes/env/lib/python3.10/site-packages/lightning/pytorch/strategies/strategy.py", line 139, in setup_optimizers
    self.optimizers, self.lr_scheduler_configs = _init_optimizers_and_lr_schedulers(self.lightning_module)
  File "/raid/zengchaolv/sz/vavim_finetune_nuscenes/env/lib/python3.10/site-packages/lightning/pytorch/core/optimizer.py", line 180, in _init_optimizers_and_lr_schedulers
    optim_conf = call._call_lightning_module_hook(model.trainer, "configure_optimizers", pl_module=model)
  File "/raid/zengchaolv/sz/vavim_finetune_nuscenes/env/lib/python3.10/site-packages/lightning/pytorch/trainer/call.py", line 177, in _call_lightning_module_hook
    output = fn(*args, **kwargs)
  File "/raid/zengchaolv/sz/vavim_finetune_nuscenes/vam/video_pretraining/next_token_predictor.py", line 194, in configure_optimizers
    optimizer = MuAdamW(params=self.parameters(), **self.optimizer_conf)
  File "/raid/zengchaolv/sz/vavim_finetune_nuscenes/env/lib/python3.10/site-packages/mup/optim.py", line 78, in MuAdamW
    return MuAdam(params, impl=AdamW, **kwargs)
  File "/raid/zengchaolv/sz/vavim_finetune_nuscenes/env/lib/python3.10/site-packages/mup/optim.py", line 70, in MuAdam
    return impl(new_param_groups, **kwargs)
TypeError: AdamW.__init__() got an unexpected keyword argument 'decoupled_wd'
[2026-04-24 19:13:11,017][vam.utils.task_utils][INFO] - [rank: 0] Output dir: /raid/zengchaolv/sz/vavim_finetune_nuscenes/output
