[2026-04-24 19:16:39,687][__main__][INFO] - [rank: 0] Instantiating datamodule <vam.datalib.finetuning_datamodule.MixFinetuningDataModule>
[2026-04-24 19:16:40,056][__main__][INFO] - [rank: 0] Finetuning | past global_step = 139763 
[2026-04-24 19:16:40,057][__main__][INFO] - [rank: 0] Finetuning | scheduler.end_iter=289526 ; scheduler.drop_iter=10000
[2026-04-24 19:16:40,057][__main__][INFO] - [rank: 0] Instantiating model <vam.video_pretraining.NextTokenPredictor>
[2026-04-24 19:16:43,729][__main__][INFO] - [rank: 0] Instantiating callbacks...
[2026-04-24 19:16:43,731][vam.utils.instantiators][WARNING] - [rank: 0] No callback configs found! Skipping..
[2026-04-24 19:16:43,731][__main__][INFO] - [rank: 0] Instantiating loggers...
[2026-04-24 19:16:43,731][vam.utils.instantiators][WARNING] - [rank: 0] No logger configs found! Skipping...
[2026-04-24 19:16:43,731][__main__][INFO] - [rank: 0] Instantiating trainer <lightning.pytorch.trainer.Trainer>
[2026-04-24 19:16:43,930][__main__][INFO] - [rank: 0] Starting training!
[2026-04-24 19:16:53,251][vam.utils.task_utils][ERROR] - [rank: 0] 
Traceback (most recent call last):
  File "/raid/zengchaolv/sz/vavim_finetune_nuscenes/vam/utils/task_utils.py", line 63, in wrap
    metric_dict, object_dict = task_func(config=config)
  File "/raid/zengchaolv/sz/vavim_finetune_nuscenes/vam/train.py", line 94, in train
    trainer.fit(model=model, datamodule=datamodule, ckpt_path=config.get("ckpt_path"))
  File "/raid/zengchaolv/sz/vavim_finetune_nuscenes/env/lib/python3.10/site-packages/lightning/pytorch/trainer/trainer.py", line 584, in fit
    call._call_and_handle_interrupt(
  File "/raid/zengchaolv/sz/vavim_finetune_nuscenes/env/lib/python3.10/site-packages/lightning/pytorch/trainer/call.py", line 49, in _call_and_handle_interrupt
    return trainer_fn(*args, **kwargs)
  File "/raid/zengchaolv/sz/vavim_finetune_nuscenes/env/lib/python3.10/site-packages/lightning/pytorch/trainer/trainer.py", line 630, in _fit_impl
    self._run(model, ckpt_path=ckpt_path, weights_only=weights_only)
  File "/raid/zengchaolv/sz/vavim_finetune_nuscenes/env/lib/python3.10/site-packages/lightning/pytorch/trainer/trainer.py", line 1070, in _run
    self._checkpoint_connector.restore_training_state()
  File "/raid/zengchaolv/sz/vavim_finetune_nuscenes/env/lib/python3.10/site-packages/lightning/pytorch/trainer/connectors/checkpoint_connector.py", line 309, in restore_training_state
    self.restore_optimizers_and_schedulers()
  File "/raid/zengchaolv/sz/vavim_finetune_nuscenes/env/lib/python3.10/site-packages/lightning/pytorch/trainer/connectors/checkpoint_connector.py", line 375, in restore_optimizers_and_schedulers
    raise KeyError(
KeyError: 'Trying to restore optimizer state but checkpoint contains only the model. This is probably due to `ModelCheckpoint.save_weights_only` being set to `True`.'
[2026-04-24 19:16:53,252][vam.utils.task_utils][INFO] - [rank: 0] Output dir: /raid/zengchaolv/sz/vavim_finetune_nuscenes/output
