[2026-04-24 18:04:04,312][__main__][INFO] - [rank: 0] Instantiating datamodule <vam.datalib.finetuning_datamodule.MixFinetuningDataModule>
[2026-04-24 18:04:04,335][vam.utils.task_utils][ERROR] - [rank: 0] 
Traceback (most recent call last):
  File "/raid/zengchaolv/sz/vavim_finetune_nuscenes/env/lib/python3.10/site-packages/hydra/_internal/instantiate/_instantiate2.py", line 92, in _call_target
    return _target_(*args, **kwargs)
TypeError: MixFinetuningDataModule.__init__() missing 6 required keyword-only arguments: 'opendv_tokens_rootdir', 'opendv_video_list_path', 'opendv_val_video_list_path', 'nuplan_tokens_rootdir', 'nuplan_train_pickle_path', and 'nuplan_val_pickle_path'

The above exception was the direct cause of the following exception:

Traceback (most recent call last):
  File "/raid/zengchaolv/sz/vavim_finetune_nuscenes/vam/utils/task_utils.py", line 63, in wrap
    metric_dict, object_dict = task_func(config=config)
  File "/raid/zengchaolv/sz/vavim_finetune_nuscenes/vam/train.py", line 43, in train
    datamodule: LightningDataModule = hydra.utils.instantiate(config.data)
  File "/raid/zengchaolv/sz/vavim_finetune_nuscenes/env/lib/python3.10/site-packages/hydra/_internal/instantiate/_instantiate2.py", line 226, in instantiate
    return instantiate_node(
  File "/raid/zengchaolv/sz/vavim_finetune_nuscenes/env/lib/python3.10/site-packages/hydra/_internal/instantiate/_instantiate2.py", line 347, in instantiate_node
    return _call_target(_target_, partial, args, kwargs, full_key)
  File "/raid/zengchaolv/sz/vavim_finetune_nuscenes/env/lib/python3.10/site-packages/hydra/_internal/instantiate/_instantiate2.py", line 97, in _call_target
    raise InstantiationException(msg) from e
hydra.errors.InstantiationException: Error in call to target 'vam.datalib.finetuning_datamodule.MixFinetuningDataModule':
TypeError("MixFinetuningDataModule.__init__() missing 6 required keyword-only arguments: 'opendv_tokens_rootdir', 'opendv_video_list_path', 'opendv_val_video_list_path', 'nuplan_tokens_rootdir', 'nuplan_train_pickle_path', and 'nuplan_val_pickle_path'")
full_key: data
[2026-04-24 18:04:04,335][vam.utils.task_utils][INFO] - [rank: 0] Output dir: /raid/zengchaolv/sz/vavim_finetune_nuscenes/output
