[2026-04-24 19:05:38,475][__main__][INFO] - [rank: 0] Instantiating datamodule <vam.datalib.finetuning_datamodule.MixFinetuningDataModule>
/raid/zengchaolv/sz/vavim_finetune_nuscenes/vam/train.py:53: FutureWarning: You are using `torch.load` with `weights_only=False` (the current default value), which uses the default pickle module implicitly. It is possible to construct malicious pickle data which will execute arbitrary code during unpickling (See https://github.com/pytorch/pytorch/blob/main/SECURITY.md#untrusted-models for more details). In a future release, the default value for `weights_only` will be flipped to `True`. This limits the functions that could be executed during unpickling. Arbitrary objects will no longer be allowed to be loaded via this mode unless they are explicitly allowlisted by the user via `torch.serialization.add_safe_globals`. We recommend you start setting `weights_only=True` for any use case where you don't have full control of the loaded file. Please open an issue on GitHub for any issues related to this experimental feature.
  pt = torch.load(config.get("ckpt_path"), map_location="cpu")
[2026-04-24 19:05:38,839][__main__][INFO] - [rank: 0] Finetuning | past global_step = 139763 
[2026-04-24 19:05:38,839][__main__][INFO] - [rank: 0] Finetuning | scheduler.end_iter=149763 ; scheduler.drop_iter=10000
[2026-04-24 19:05:38,839][__main__][INFO] - [rank: 0] Instantiating model <vam.video_pretraining.NextTokenPredictor>
number of non-embedding parameters: 182.45M
mup_base_shapes configured
[2026-04-24 19:05:42,475][__main__][INFO] - [rank: 0] Instantiating callbacks...
[2026-04-24 19:05:42,476][vam.utils.instantiators][WARNING] - [rank: 0] No callback configs found! Skipping..
[2026-04-24 19:05:42,476][__main__][INFO] - [rank: 0] Instantiating loggers...
[2026-04-24 19:05:42,476][vam.utils.instantiators][WARNING] - [rank: 0] No logger configs found! Skipping...
[2026-04-24 19:05:42,477][__main__][INFO] - [rank: 0] Instantiating trainer <lightning.pytorch.trainer.Trainer>
/raid/zengchaolv/sz/vavim_finetune_nuscenes/env/lib/python3.10/site-packages/lightning/fabric/plugins/environments/slurm.py:204: The `srun` command is available on your system but is not used. HINT: If your intention is to run Lightning on SLURM, prepend your python command with `srun` like so: srun python train.py --config-name experiment/finetune_nuscenes_ ...
GPU available: True (cuda), used: True
TPU available: False, using: 0 TPU cores
💡 Tip: For seamless cloud logging and experiment tracking, try installing [litlogger](https://pypi.org/project/litlogger/) to enable LitLogger, which logs metrics and artifacts automatically to the Lightning Experiments platform.
[2026-04-24 19:05:42,609][__main__][INFO] - [rank: 0] Starting training!
💡 Tip: For seamless cloud uploads and versioning, try installing [litmodels](https://pypi.org/project/litmodels/) to enable LitModelCheckpoint, which syncs automatically with the Lightning model registry.
You are using a CUDA device ('NVIDIA A100-SXM4-40GB') that has Tensor Cores. To properly utilize them, you should set `torch.set_float32_matmul_precision('medium' | 'high')` which will trade-off precision for performance. For more details, read https://pytorch.org/docs/stable/generated/torch.set_float32_matmul_precision.html#torch.set_float32_matmul_precision
[2026-04-24 19:05:42,957][vam.utils.task_utils][ERROR] - [rank: 0] 
Traceback (most recent call last):
  File "/raid/zengchaolv/sz/vavim_finetune_nuscenes/vam/utils/task_utils.py", line 63, in wrap
    metric_dict, object_dict = task_func(config=config)
  File "/raid/zengchaolv/sz/vavim_finetune_nuscenes/vam/train.py", line 94, in train
    trainer.fit(model=model, datamodule=datamodule, ckpt_path=config.get("ckpt_path"))
  File "/raid/zengchaolv/sz/vavim_finetune_nuscenes/env/lib/python3.10/site-packages/lightning/pytorch/trainer/trainer.py", line 584, in fit
    call._call_and_handle_interrupt(
  File "/raid/zengchaolv/sz/vavim_finetune_nuscenes/env/lib/python3.10/site-packages/lightning/pytorch/trainer/call.py", line 49, in _call_and_handle_interrupt
    return trainer_fn(*args, **kwargs)
  File "/raid/zengchaolv/sz/vavim_finetune_nuscenes/env/lib/python3.10/site-packages/lightning/pytorch/trainer/trainer.py", line 630, in _fit_impl
    self._run(model, ckpt_path=ckpt_path, weights_only=weights_only)
  File "/raid/zengchaolv/sz/vavim_finetune_nuscenes/env/lib/python3.10/site-packages/lightning/pytorch/trainer/trainer.py", line 1039, in _run
    call._call_setup_hook(self)  # allow user to set up LightningModule in accelerator environment
  File "/raid/zengchaolv/sz/vavim_finetune_nuscenes/env/lib/python3.10/site-packages/lightning/pytorch/trainer/call.py", line 108, in _call_setup_hook
    _call_lightning_datamodule_hook(trainer, "setup", stage=fn)
  File "/raid/zengchaolv/sz/vavim_finetune_nuscenes/env/lib/python3.10/site-packages/lightning/pytorch/trainer/call.py", line 199, in _call_lightning_datamodule_hook
    return fn(*args, **kwargs)
  File "/raid/zengchaolv/sz/vavim_finetune_nuscenes/vam/datalib/finetuning_datamodule.py", line 87, in setup
    opendv_video_list = _read_json(self.opendv_video_list_path)
  File "/raid/zengchaolv/sz/vavim_finetune_nuscenes/vam/datalib/finetuning_datamodule.py", line 35, in _read_json
    with open(json_path, "r") as f:
FileNotFoundError: [Errno 2] No such file or directory: ''
[2026-04-24 19:05:42,957][vam.utils.task_utils][INFO] - [rank: 0] Output dir: /raid/zengchaolv/sz/vavim_finetune_nuscenes/output
Error executing job with overrides: []
Traceback (most recent call last):
  File "/raid/zengchaolv/sz/vavim_finetune_nuscenes/vam/train.py", line 145, in main
    metric_dict, _ = train(config)
  File "/raid/zengchaolv/sz/vavim_finetune_nuscenes/vam/utils/task_utils.py", line 73, in wrap
    raise ex
  File "/raid/zengchaolv/sz/vavim_finetune_nuscenes/vam/utils/task_utils.py", line 63, in wrap
    metric_dict, object_dict = task_func(config=config)
  File "/raid/zengchaolv/sz/vavim_finetune_nuscenes/vam/train.py", line 94, in train
    trainer.fit(model=model, datamodule=datamodule, ckpt_path=config.get("ckpt_path"))
  File "/raid/zengchaolv/sz/vavim_finetune_nuscenes/env/lib/python3.10/site-packages/lightning/pytorch/trainer/trainer.py", line 584, in fit
    call._call_and_handle_interrupt(
  File "/raid/zengchaolv/sz/vavim_finetune_nuscenes/env/lib/python3.10/site-packages/lightning/pytorch/trainer/call.py", line 49, in _call_and_handle_interrupt
    return trainer_fn(*args, **kwargs)
  File "/raid/zengchaolv/sz/vavim_finetune_nuscenes/env/lib/python3.10/site-packages/lightning/pytorch/trainer/trainer.py", line 630, in _fit_impl
    self._run(model, ckpt_path=ckpt_path, weights_only=weights_only)
  File "/raid/zengchaolv/sz/vavim_finetune_nuscenes/env/lib/python3.10/site-packages/lightning/pytorch/trainer/trainer.py", line 1039, in _run
    call._call_setup_hook(self)  # allow user to set up LightningModule in accelerator environment
  File "/raid/zengchaolv/sz/vavim_finetune_nuscenes/env/lib/python3.10/site-packages/lightning/pytorch/trainer/call.py", line 108, in _call_setup_hook
    _call_lightning_datamodule_hook(trainer, "setup", stage=fn)
  File "/raid/zengchaolv/sz/vavim_finetune_nuscenes/env/lib/python3.10/site-packages/lightning/pytorch/trainer/call.py", line 199, in _call_lightning_datamodule_hook
    return fn(*args, **kwargs)
  File "/raid/zengchaolv/sz/vavim_finetune_nuscenes/vam/datalib/finetuning_datamodule.py", line 87, in setup
    opendv_video_list = _read_json(self.opendv_video_list_path)
  File "/raid/zengchaolv/sz/vavim_finetune_nuscenes/vam/datalib/finetuning_datamodule.py", line 35, in _read_json
    with open(json_path, "r") as f:
FileNotFoundError: [Errno 2] No such file or directory: ''

Set the environment variable HYDRA_FULL_ERROR=1 for a complete stack trace.
