Loading tokenizer from /raid/zengchaolv/sz/vavim_finetune_nuscenes/VQ_ds16_16384_llamagen_encoder.jit on CPU...
Collecting image files...
Found 34149 images
Processing 0/34149
Processing 320/34149
Processing 640/34149
Processing 960/34149
Processing 1280/34149
Processing 1600/34149
Processing 1920/34149
Processing 2240/34149
Processing 2560/34149
Processing 2880/34149
Processing 3200/34149
Processing 3520/34149
Processing 3840/34149
Processing 4160/34149
Processing 4480/34149
Processing 4800/34149
Processing 5120/34149
Processing 5440/34149
Processing 5760/34149
Processing 6080/34149
Processing 6400/34149
Processing 6720/34149
Processing 7040/34149
Processing 7360/34149
Processing 7680/34149
Processing 8000/34149
Processing 8320/34149
Processing 8640/34149
Processing 8960/34149
Processing 9280/34149
Processing 9600/34149
Processing 9920/34149
Processing 10240/34149
Processing 10560/34149
Processing 10880/34149
Processing 11200/34149
Processing 11520/34149
Processing 11840/34149
Processing 12160/34149
Processing 12480/34149
Processing 12800/34149
Processing 13120/34149
Processing 13440/34149
Processing 13760/34149
Processing 14080/34149
Processing 14400/34149
Processing 14720/34149
Processing 15040/34149
Processing 15360/34149
Processing 15680/34149
Processing 16000/34149
Processing 16320/34149
Processing 16640/34149
Processing 16960/34149
Processing 17280/34149
Processing 17600/34149
Processing 17920/34149
Processing 18240/34149
Processing 18560/34149
Processing 18880/34149
Processing 19200/34149
Processing 19520/34149
Processing 19840/34149
Processing 20160/34149
Processing 20480/34149
Processing 20800/34149
Processing 21120/34149
Processing 21440/34149
Processing 21760/34149
Processing 22080/34149
Processing 22400/34149
Processing 22720/34149
Processing 23040/34149
Processing 23360/34149
Processing 23680/34149
Processing 24000/34149
Processing 24320/34149
Processing 24640/34149
Processing 24960/34149
Processing 25280/34149
Processing 25600/34149
Processing 25920/34149
Processing 26240/34149
Processing 26560/34149
Processing 26880/34149
Processing 27200/34149
Processing 27520/34149
Processing 27840/34149
Processing 28160/34149
Processing 28480/34149
Processing 28800/34149
Processing 29120/34149
Processing 29440/34149
Processing 29760/34149
Processing 30080/34149
Processing 30400/34149
Processing 30720/34149
Processing 31040/34149
Processing 31360/34149
Processing 31680/34149
Processing 32000/34149
Processing 32320/34149
Processing 32640/34149
Processing 32960/34149
Processing 33280/34149
Processing 33600/34149
Processing 33920/34149
Tokens saved to /raid/zengchaolv/sz/vavim_finetune_nuscenes/data/tokens
Total tokens: 34149
