[2026-04-24 17:49:35,304][__main__][INFO] - [rank: 0] Instantiating datamodule <vam.datalib.finetuning_datamodule.MixFinetuningDataModule>
[2026-04-24 17:49:35,312][vam.utils.task_utils][ERROR] - [rank: 0] 
Traceback (most recent call last):
  File "/raid/zengchaolv/sz/vavim_finetune_nuscenes/env/lib/python3.10/site-packages/hydra/_internal/utils.py", line 644, in _locate
    obj = getattr(obj, part)
AttributeError: module 'vam' has no attribute 'datalib'

During handling of the above exception, another exception occurred:

Traceback (most recent call last):
  File "/raid/zengchaolv/sz/vavim_finetune_nuscenes/env/lib/python3.10/site-packages/hydra/_internal/utils.py", line 650, in _locate
    obj = import_module(mod)
  File "/raid/zengchaolv/sz/vavim_finetune_nuscenes/env/lib/python3.10/importlib/__init__.py", line 126, in import_module
    return _bootstrap._gcd_import(name[level:], package, level)
  File "<frozen importlib._bootstrap>", line 1050, in _gcd_import
  File "<frozen importlib._bootstrap>", line 1027, in _find_and_load
  File "<frozen importlib._bootstrap>", line 1006, in _find_and_load_unlocked
  File "<frozen importlib._bootstrap>", line 688, in _load_unlocked
  File "<frozen importlib._bootstrap_external>", line 883, in exec_module
  File "<frozen importlib._bootstrap>", line 241, in _call_with_frames_removed
  File "/raid/zengchaolv/sz/vavim_finetune_nuscenes/vam/datalib/__init__.py", line 1, in <module>
    from vam.datalib.data_mixing import all_token_datasets, combined_ego_trajectory_dataset, mix_datasets
  File "/raid/zengchaolv/sz/vavim_finetune_nuscenes/vam/datalib/data_mixing.py", line 8, in <module>
    from vam.datalib.ego_trajectory_dataset import EgoTrajectoryDataset
  File "/raid/zengchaolv/sz/vavim_finetune_nuscenes/vam/datalib/ego_trajectory_dataset.py", line 9, in <module>
    from pyquaternion import Quaternion
ModuleNotFoundError: No module named 'pyquaternion'

The above exception was the direct cause of the following exception:

Traceback (most recent call last):
  File "/raid/zengchaolv/sz/vavim_finetune_nuscenes/env/lib/python3.10/site-packages/hydra/_internal/instantiate/_instantiate2.py", line 134, in _resolve_target
    target = _locate(target)
  File "/raid/zengchaolv/sz/vavim_finetune_nuscenes/env/lib/python3.10/site-packages/hydra/_internal/utils.py", line 653, in _locate
    raise ImportError(
ImportError: Error loading 'vam.datalib.finetuning_datamodule.MixFinetuningDataModule':
ModuleNotFoundError("No module named 'pyquaternion'")
Are you sure that 'datalib' is importable from module 'vam'?

The above exception was the direct cause of the following exception:

Traceback (most recent call last):
  File "/raid/zengchaolv/sz/vavim_finetune_nuscenes/vam/utils/task_utils.py", line 63, in wrap
    metric_dict, object_dict = task_func(config=config)
  File "/raid/zengchaolv/sz/vavim_finetune_nuscenes/vam/train.py", line 43, in train
    datamodule: LightningDataModule = hydra.utils.instantiate(config.data)
  File "/raid/zengchaolv/sz/vavim_finetune_nuscenes/env/lib/python3.10/site-packages/hydra/_internal/instantiate/_instantiate2.py", line 226, in instantiate
    return instantiate_node(
  File "/raid/zengchaolv/sz/vavim_finetune_nuscenes/env/lib/python3.10/site-packages/hydra/_internal/instantiate/_instantiate2.py", line 333, in instantiate_node
    _target_ = _resolve_target(node.get(_Keys.TARGET), full_key)
  File "/raid/zengchaolv/sz/vavim_finetune_nuscenes/env/lib/python3.10/site-packages/hydra/_internal/instantiate/_instantiate2.py", line 139, in _resolve_target
    raise InstantiationException(msg) from e
hydra.errors.InstantiationException: Error locating target 'vam.datalib.finetuning_datamodule.MixFinetuningDataModule', set env var HYDRA_FULL_ERROR=1 to see chained exception.
full_key: data
[2026-04-24 17:49:35,314][vam.utils.task_utils][INFO] - [rank: 0] Output dir: /raid/zengchaolv/sz/vavim_finetune_nuscenes/output
