[2026-04-29 01:12:21,161][vam.utils.task_utils][INFO] - [rank: 0] Disabling python warnings! <config.ignore_warnings=True>
[2026-04-29 01:12:21,161][vam.utils.task_utils][INFO] - [rank: 0] Printing config tree with Rich! <config.print_config=True>
[2026-04-29 01:12:21,162][vam.utils.info_printing][WARNING] - [rank: 0] Field 'data' not found in config. Skipping 'data' config printing...
[2026-04-29 01:12:21,162][vam.utils.info_printing][WARNING] - [rank: 0] Field 'model' not found in config. Skipping 'model' config printing...
[2026-04-29 01:12:21,185][vam.utils.task_utils][ERROR] - [rank: 0] 
Traceback (most recent call last):
  File "/raid/zengchaolv/sz/VideoActionModel/vam/utils/task_utils.py", line 63, in wrap
    metric_dict, object_dict = task_func(config=config)
  File "/raid/zengchaolv/shuaizhe_vavam/VideoActionModel/vam/train.py", line 42, in train
    log.info(f"Instantiating datamodule <{config.data._target_}>")
  File "/raid/zengchaolv/anaconda3/envs/vavam310/lib/python3.10/site-packages/omegaconf/dictconfig.py", line 359, in __getattr__
    self._format_and_raise(key=key, value=None, cause=e)
  File "/raid/zengchaolv/anaconda3/envs/vavam310/lib/python3.10/site-packages/omegaconf/base.py", line 231, in _format_and_raise
    format_and_raise(
  File "/raid/zengchaolv/anaconda3/envs/vavam310/lib/python3.10/site-packages/omegaconf/_utils.py", line 819, in format_and_raise
    _raise(ex, cause)
  File "/raid/zengchaolv/anaconda3/envs/vavam310/lib/python3.10/site-packages/omegaconf/_utils.py", line 797, in _raise
    raise ex.with_traceback(sys.exc_info()[2])  # set env var OC_CAUSE=1 for full trace
  File "/raid/zengchaolv/anaconda3/envs/vavam310/lib/python3.10/site-packages/omegaconf/dictconfig.py", line 351, in __getattr__
    return self._get_impl(
  File "/raid/zengchaolv/anaconda3/envs/vavam310/lib/python3.10/site-packages/omegaconf/dictconfig.py", line 442, in _get_impl
    node = self._get_child(
  File "/raid/zengchaolv/anaconda3/envs/vavam310/lib/python3.10/site-packages/omegaconf/basecontainer.py", line 73, in _get_child
    child = self._get_node(
  File "/raid/zengchaolv/anaconda3/envs/vavam310/lib/python3.10/site-packages/omegaconf/dictconfig.py", line 475, in _get_node
    self._validate_get(key)
  File "/raid/zengchaolv/anaconda3/envs/vavam310/lib/python3.10/site-packages/omegaconf/dictconfig.py", line 164, in _validate_get
    self._format_and_raise(
  File "/raid/zengchaolv/anaconda3/envs/vavam310/lib/python3.10/site-packages/omegaconf/base.py", line 231, in _format_and_raise
    format_and_raise(
  File "/raid/zengchaolv/anaconda3/envs/vavam310/lib/python3.10/site-packages/omegaconf/_utils.py", line 899, in format_and_raise
    _raise(ex, cause)
  File "/raid/zengchaolv/anaconda3/envs/vavam310/lib/python3.10/site-packages/omegaconf/_utils.py", line 797, in _raise
    raise ex.with_traceback(sys.exc_info()[2])  # set env var OC_CAUSE=1 for full trace
omegaconf.errors.ConfigAttributeError: Key 'data' is not in struct
    full_key: data
    object_type=dict
[2026-04-29 01:12:21,186][vam.utils.task_utils][INFO] - [rank: 0] Output dir: None
[2026-04-29 01:24:39,901][vam.utils.task_utils][INFO] - [rank: 0] Disabling python warnings! <config.ignore_warnings=True>
[2026-04-29 01:24:39,901][vam.utils.task_utils][INFO] - [rank: 0] Printing config tree with Rich! <config.print_config=True>
[2026-04-29 01:24:39,937][__main__][INFO] - [rank: 0] Instantiating datamodule <vam.datalib.finetuning_datamodule.MixFinetuningDataModule>
[2026-04-29 01:24:40,099][vam.utils.task_utils][ERROR] - [rank: 0] 
Traceback (most recent call last):
  File "/raid/zengchaolv/anaconda3/envs/vavam310/lib/python3.10/site-packages/hydra/_internal/utils.py", line 644, in _locate
    obj = getattr(obj, part)
AttributeError: module 'vam.datalib' has no attribute 'finetuning_datamodule'

During handling of the above exception, another exception occurred:

Traceback (most recent call last):
  File "/raid/zengchaolv/anaconda3/envs/vavam310/lib/python3.10/site-packages/hydra/_internal/utils.py", line 650, in _locate
    obj = import_module(mod)
  File "/raid/zengchaolv/anaconda3/envs/vavam310/lib/python3.10/importlib/__init__.py", line 126, in import_module
    return _bootstrap._gcd_import(name[level:], package, level)
  File "<frozen importlib._bootstrap>", line 1050, in _gcd_import
  File "<frozen importlib._bootstrap>", line 1027, in _find_and_load
  File "<frozen importlib._bootstrap>", line 1006, in _find_and_load_unlocked
  File "<frozen importlib._bootstrap>", line 688, in _load_unlocked
  File "<frozen importlib._bootstrap_external>", line 883, in exec_module
  File "<frozen importlib._bootstrap>", line 241, in _call_with_frames_removed
  File "/raid/zengchaolv/sz/VideoActionModel/vam/datalib/finetuning_datamodule.py", line 8, in <module>
    from VideoActionModel.vam.datalib.data_mixing import all_token_datasets
ModuleNotFoundError: No module named 'VideoActionModel'

The above exception was the direct cause of the following exception:

Traceback (most recent call last):
  File "/raid/zengchaolv/anaconda3/envs/vavam310/lib/python3.10/site-packages/hydra/_internal/instantiate/_instantiate2.py", line 134, in _resolve_target
    target = _locate(target)
  File "/raid/zengchaolv/anaconda3/envs/vavam310/lib/python3.10/site-packages/hydra/_internal/utils.py", line 653, in _locate
    raise ImportError(
ImportError: Error loading 'vam.datalib.finetuning_datamodule.MixFinetuningDataModule':
ModuleNotFoundError("No module named 'VideoActionModel'")
Are you sure that 'finetuning_datamodule' is importable from module 'vam.datalib'?

The above exception was the direct cause of the following exception:

Traceback (most recent call last):
  File "/raid/zengchaolv/sz/VideoActionModel/vam/utils/task_utils.py", line 63, in wrap
    metric_dict, object_dict = task_func(config=config)
  File "/raid/zengchaolv/shuaizhe_vavam/VideoActionModel/vam/train.py", line 43, in train
    datamodule: LightningDataModule = hydra.utils.instantiate(config.data)
  File "/raid/zengchaolv/anaconda3/envs/vavam310/lib/python3.10/site-packages/hydra/_internal/instantiate/_instantiate2.py", line 226, in instantiate
    return instantiate_node(
  File "/raid/zengchaolv/anaconda3/envs/vavam310/lib/python3.10/site-packages/hydra/_internal/instantiate/_instantiate2.py", line 333, in instantiate_node
    _target_ = _resolve_target(node.get(_Keys.TARGET), full_key)
  File "/raid/zengchaolv/anaconda3/envs/vavam310/lib/python3.10/site-packages/hydra/_internal/instantiate/_instantiate2.py", line 139, in _resolve_target
    raise InstantiationException(msg) from e
hydra.errors.InstantiationException: Error locating target 'vam.datalib.finetuning_datamodule.MixFinetuningDataModule', set env var HYDRA_FULL_ERROR=1 to see chained exception.
full_key: data
[2026-04-29 01:24:40,100][vam.utils.task_utils][INFO] - [rank: 0] Output dir: /raid/zengchaolv/shuaizhe_vavam/VideoActionModel/test_finetune
[2026-04-29 01:30:04,825][vam.utils.task_utils][INFO] - [rank: 0] Disabling python warnings! <config.ignore_warnings=True>
[2026-04-29 01:30:04,826][vam.utils.task_utils][INFO] - [rank: 0] Printing config tree with Rich! <config.print_config=True>
[2026-04-29 01:30:04,861][__main__][INFO] - [rank: 0] Instantiating datamodule <vam.datalib.finetuning_datamodule.MixFinetuningDataModule>
[2026-04-29 01:30:05,018][vam.utils.task_utils][ERROR] - [rank: 0] 
Traceback (most recent call last):
  File "/raid/zengchaolv/anaconda3/envs/vavam310/lib/python3.10/site-packages/hydra/_internal/utils.py", line 644, in _locate
    obj = getattr(obj, part)
AttributeError: module 'vam.datalib' has no attribute 'finetuning_datamodule'

During handling of the above exception, another exception occurred:

Traceback (most recent call last):
  File "/raid/zengchaolv/anaconda3/envs/vavam310/lib/python3.10/site-packages/hydra/_internal/utils.py", line 650, in _locate
    obj = import_module(mod)
  File "/raid/zengchaolv/anaconda3/envs/vavam310/lib/python3.10/importlib/__init__.py", line 126, in import_module
    return _bootstrap._gcd_import(name[level:], package, level)
  File "<frozen importlib._bootstrap>", line 1050, in _gcd_import
  File "<frozen importlib._bootstrap>", line 1027, in _find_and_load
  File "<frozen importlib._bootstrap>", line 1006, in _find_and_load_unlocked
  File "<frozen importlib._bootstrap>", line 688, in _load_unlocked
  File "<frozen importlib._bootstrap_external>", line 883, in exec_module
  File "<frozen importlib._bootstrap>", line 241, in _call_with_frames_removed
  File "/raid/zengchaolv/sz/VideoActionModel/vam/datalib/finetuning_datamodule.py", line 8, in <module>
    from VideoActionModel.vam.datalib.data_mixing import all_token_datasets
ModuleNotFoundError: No module named 'VideoActionModel'

The above exception was the direct cause of the following exception:

Traceback (most recent call last):
  File "/raid/zengchaolv/anaconda3/envs/vavam310/lib/python3.10/site-packages/hydra/_internal/instantiate/_instantiate2.py", line 134, in _resolve_target
    target = _locate(target)
  File "/raid/zengchaolv/anaconda3/envs/vavam310/lib/python3.10/site-packages/hydra/_internal/utils.py", line 653, in _locate
    raise ImportError(
ImportError: Error loading 'vam.datalib.finetuning_datamodule.MixFinetuningDataModule':
ModuleNotFoundError("No module named 'VideoActionModel'")
Are you sure that 'finetuning_datamodule' is importable from module 'vam.datalib'?

The above exception was the direct cause of the following exception:

Traceback (most recent call last):
  File "/raid/zengchaolv/sz/VideoActionModel/vam/utils/task_utils.py", line 63, in wrap
    metric_dict, object_dict = task_func(config=config)
  File "/raid/zengchaolv/shuaizhe_vavam/VideoActionModel/vam/train.py", line 43, in train
    datamodule: LightningDataModule = hydra.utils.instantiate(config.data)
  File "/raid/zengchaolv/anaconda3/envs/vavam310/lib/python3.10/site-packages/hydra/_internal/instantiate/_instantiate2.py", line 226, in instantiate
    return instantiate_node(
  File "/raid/zengchaolv/anaconda3/envs/vavam310/lib/python3.10/site-packages/hydra/_internal/instantiate/_instantiate2.py", line 333, in instantiate_node
    _target_ = _resolve_target(node.get(_Keys.TARGET), full_key)
  File "/raid/zengchaolv/anaconda3/envs/vavam310/lib/python3.10/site-packages/hydra/_internal/instantiate/_instantiate2.py", line 139, in _resolve_target
    raise InstantiationException(msg) from e
hydra.errors.InstantiationException: Error locating target 'vam.datalib.finetuning_datamodule.MixFinetuningDataModule', set env var HYDRA_FULL_ERROR=1 to see chained exception.
full_key: data
[2026-04-29 01:30:05,018][vam.utils.task_utils][INFO] - [rank: 0] Output dir: /raid/zengchaolv/shuaizhe_vavam/VideoActionModel/test_finetune
[2026-04-29 20:27:13,409][vam.utils.task_utils][INFO] - [rank: 0] Disabling python warnings! <config.ignore_warnings=True>
[2026-04-29 20:27:13,409][vam.utils.task_utils][INFO] - [rank: 0] Printing config tree with Rich! <config.print_config=True>
[2026-04-29 20:27:13,409][vam.utils.info_printing][WARNING] - [rank: 0] Field 'data' not found in config. Skipping 'data' config printing...
[2026-04-29 20:27:13,410][vam.utils.info_printing][WARNING] - [rank: 0] Field 'model' not found in config. Skipping 'model' config printing...
[2026-04-29 20:27:13,434][vam.utils.task_utils][ERROR] - [rank: 0] 
Traceback (most recent call last):
  File "/raid/zengchaolv/shuaizhe_vavam/VideoActionModel/vam/utils/task_utils.py", line 63, in wrap
    metric_dict, object_dict = task_func(config=config)
  File "/raid/zengchaolv/shuaizhe_vavam/VideoActionModel/vam/train.py", line 42, in train
    log.info(f"Instantiating datamodule <{config.data._target_}>")
  File "/raid/zengchaolv/anaconda3/envs/VideoAction310/lib/python3.10/site-packages/omegaconf/dictconfig.py", line 359, in __getattr__
    self._format_and_raise(key=key, value=None, cause=e)
  File "/raid/zengchaolv/anaconda3/envs/VideoAction310/lib/python3.10/site-packages/omegaconf/base.py", line 231, in _format_and_raise
    format_and_raise(
  File "/raid/zengchaolv/anaconda3/envs/VideoAction310/lib/python3.10/site-packages/omegaconf/_utils.py", line 819, in format_and_raise
    _raise(ex, cause)
  File "/raid/zengchaolv/anaconda3/envs/VideoAction310/lib/python3.10/site-packages/omegaconf/_utils.py", line 797, in _raise
    raise ex.with_traceback(sys.exc_info()[2])  # set env var OC_CAUSE=1 for full trace
  File "/raid/zengchaolv/anaconda3/envs/VideoAction310/lib/python3.10/site-packages/omegaconf/dictconfig.py", line 351, in __getattr__
    return self._get_impl(
  File "/raid/zengchaolv/anaconda3/envs/VideoAction310/lib/python3.10/site-packages/omegaconf/dictconfig.py", line 442, in _get_impl
    node = self._get_child(
  File "/raid/zengchaolv/anaconda3/envs/VideoAction310/lib/python3.10/site-packages/omegaconf/basecontainer.py", line 73, in _get_child
    child = self._get_node(
  File "/raid/zengchaolv/anaconda3/envs/VideoAction310/lib/python3.10/site-packages/omegaconf/dictconfig.py", line 475, in _get_node
    self._validate_get(key)
  File "/raid/zengchaolv/anaconda3/envs/VideoAction310/lib/python3.10/site-packages/omegaconf/dictconfig.py", line 164, in _validate_get
    self._format_and_raise(
  File "/raid/zengchaolv/anaconda3/envs/VideoAction310/lib/python3.10/site-packages/omegaconf/base.py", line 231, in _format_and_raise
    format_and_raise(
  File "/raid/zengchaolv/anaconda3/envs/VideoAction310/lib/python3.10/site-packages/omegaconf/_utils.py", line 899, in format_and_raise
    _raise(ex, cause)
  File "/raid/zengchaolv/anaconda3/envs/VideoAction310/lib/python3.10/site-packages/omegaconf/_utils.py", line 797, in _raise
    raise ex.with_traceback(sys.exc_info()[2])  # set env var OC_CAUSE=1 for full trace
omegaconf.errors.ConfigAttributeError: Key 'data' is not in struct
    full_key: data
    object_type=dict
[2026-04-29 20:27:13,434][vam.utils.task_utils][INFO] - [rank: 0] Output dir: None
[2026-04-29 20:37:47,210][vam.utils.task_utils][INFO] - [rank: 0] Disabling python warnings! <config.ignore_warnings=True>
[2026-04-29 20:37:47,211][vam.utils.task_utils][INFO] - [rank: 0] Printing config tree with Rich! <config.print_config=True>
[2026-04-29 20:37:47,252][__main__][INFO] - [rank: 0] Instantiating datamodule <vam.datalib.finetuning_datamodule.MixFinetuningDataModule>
[2026-04-29 20:37:47,809][__main__][INFO] - [rank: 0] Finetuning | past global_step = 155294 
[2026-04-29 20:37:47,809][__main__][INFO] - [rank: 0] Finetuning | scheduler.end_iter=170823 ; scheduler.drop_iter=15529
[2026-04-29 20:37:47,809][__main__][INFO] - [rank: 0] Instantiating model <vam.video_pretraining.NextTokenPredictor>
[2026-04-29 20:37:51,709][vam.utils.task_utils][ERROR] - [rank: 0] 
Traceback (most recent call last):
  File "/raid/zengchaolv/anaconda3/envs/VideoAction310/lib/python3.10/site-packages/hydra/_internal/instantiate/_instantiate2.py", line 92, in _call_target
    return _target_(*args, **kwargs)
  File "/raid/zengchaolv/shuaizhe_vavam/VideoActionModel/vam/video_pretraining/next_token_predictor.py", line 85, in __init__
    mup.set_base_shapes(self.network, mup_base_shapes, rescale_params=False)
  File "/raid/zengchaolv/anaconda3/envs/VideoAction310/lib/python3.10/site-packages/mup/shape.py", line 178, in set_base_shapes
    base_shapes = _extract_shapes(base)
  File "/raid/zengchaolv/anaconda3/envs/VideoAction310/lib/python3.10/site-packages/mup/shape.py", line 82, in _extract_shapes
    x_shapes = load_base_shapes(x)
  File "/raid/zengchaolv/anaconda3/envs/VideoAction310/lib/python3.10/site-packages/mup/shape.py", line 42, in load_base_shapes
    with open(filename, 'r') as f:
FileNotFoundError: [Errno 2] No such file or directory: './mup_shapes/gpt2_24layers_basewidth256.bsh'

The above exception was the direct cause of the following exception:

Traceback (most recent call last):
  File "/raid/zengchaolv/shuaizhe_vavam/VideoActionModel/vam/utils/task_utils.py", line 63, in wrap
    metric_dict, object_dict = task_func(config=config)
  File "/raid/zengchaolv/shuaizhe_vavam/VideoActionModel/vam/train.py", line 68, in train
    model: LightningModule = hydra.utils.instantiate(config.model, scheduler_conf=config.scheduler, _recursive_=False)
  File "/raid/zengchaolv/anaconda3/envs/VideoAction310/lib/python3.10/site-packages/hydra/_internal/instantiate/_instantiate2.py", line 226, in instantiate
    return instantiate_node(
  File "/raid/zengchaolv/anaconda3/envs/VideoAction310/lib/python3.10/site-packages/hydra/_internal/instantiate/_instantiate2.py", line 347, in instantiate_node
    return _call_target(_target_, partial, args, kwargs, full_key)
  File "/raid/zengchaolv/anaconda3/envs/VideoAction310/lib/python3.10/site-packages/hydra/_internal/instantiate/_instantiate2.py", line 97, in _call_target
    raise InstantiationException(msg) from e
hydra.errors.InstantiationException: Error in call to target 'vam.video_pretraining.next_token_predictor.NextTokenPredictor':
FileNotFoundError(2, 'No such file or directory')
full_key: model
[2026-04-29 20:37:51,719][vam.utils.task_utils][INFO] - [rank: 0] Output dir: /raid/zengchaolv/shuaizhe_vavam/VideoActionModel/inference/finetune_output
