[2026-04-24 19:19:03,522][__main__][INFO] - [rank: 0] Instantiating datamodule <vam.datalib.finetuning_datamodule.MixFinetuningDataModule>
[2026-04-24 19:19:03,888][__main__][INFO] - [rank: 0] Finetuning | past global_step = 139763 
[2026-04-24 19:19:03,888][__main__][INFO] - [rank: 0] Finetuning | scheduler.end_iter=289526 ; scheduler.drop_iter=10000
[2026-04-24 19:19:03,889][__main__][INFO] - [rank: 0] Instantiating model <vam.video_pretraining.NextTokenPredictor>
[2026-04-24 19:19:07,338][__main__][INFO] - [rank: 0] Instantiating callbacks...
[2026-04-24 19:19:07,339][vam.utils.instantiators][WARNING] - [rank: 0] No callback configs found! Skipping..
[2026-04-24 19:19:07,339][__main__][INFO] - [rank: 0] Instantiating loggers...
[2026-04-24 19:19:07,339][vam.utils.instantiators][WARNING] - [rank: 0] No logger configs found! Skipping...
[2026-04-24 19:19:07,339][__main__][INFO] - [rank: 0] Instantiating trainer <lightning.pytorch.trainer.Trainer>
[2026-04-24 19:19:07,463][__main__][INFO] - [rank: 0] Starting training!
[2026-04-24 19:19:10,085][vam.utils.task_utils][ERROR] - [rank: 0] 
Traceback (most recent call last):
  File "/raid/zengchaolv/sz/vavim_finetune_nuscenes/vam/utils/task_utils.py", line 63, in wrap
    metric_dict, object_dict = task_func(config=config)
  File "/raid/zengchaolv/sz/vavim_finetune_nuscenes/vam/train.py", line 97, in train
    trainer.fit(model=model, datamodule=datamodule)
  File "/raid/zengchaolv/sz/vavim_finetune_nuscenes/env/lib/python3.10/site-packages/lightning/pytorch/trainer/trainer.py", line 584, in fit
    call._call_and_handle_interrupt(
  File "/raid/zengchaolv/sz/vavim_finetune_nuscenes/env/lib/python3.10/site-packages/lightning/pytorch/trainer/call.py", line 49, in _call_and_handle_interrupt
    return trainer_fn(*args, **kwargs)
  File "/raid/zengchaolv/sz/vavim_finetune_nuscenes/env/lib/python3.10/site-packages/lightning/pytorch/trainer/trainer.py", line 630, in _fit_impl
    self._run(model, ckpt_path=ckpt_path, weights_only=weights_only)
  File "/raid/zengchaolv/sz/vavim_finetune_nuscenes/env/lib/python3.10/site-packages/lightning/pytorch/trainer/trainer.py", line 1079, in _run
    results = self._run_stage()
  File "/raid/zengchaolv/sz/vavim_finetune_nuscenes/env/lib/python3.10/site-packages/lightning/pytorch/trainer/trainer.py", line 1123, in _run_stage
    self.fit_loop.run()
  File "/raid/zengchaolv/sz/vavim_finetune_nuscenes/env/lib/python3.10/site-packages/lightning/pytorch/loops/fit_loop.py", line 217, in run
    self.advance()
  File "/raid/zengchaolv/sz/vavim_finetune_nuscenes/env/lib/python3.10/site-packages/lightning/pytorch/loops/fit_loop.py", line 465, in advance
    self.epoch_loop.run(self._data_fetcher)
  File "/raid/zengchaolv/sz/vavim_finetune_nuscenes/env/lib/python3.10/site-packages/lightning/pytorch/loops/training_epoch_loop.py", line 153, in run
    self.advance(data_fetcher)
  File "/raid/zengchaolv/sz/vavim_finetune_nuscenes/env/lib/python3.10/site-packages/lightning/pytorch/loops/training_epoch_loop.py", line 311, in advance
    batch, _, __ = next(data_fetcher)
  File "/raid/zengchaolv/sz/vavim_finetune_nuscenes/env/lib/python3.10/site-packages/lightning/pytorch/loops/fetchers.py", line 134, in __next__
    batch = super().__next__()
  File "/raid/zengchaolv/sz/vavim_finetune_nuscenes/env/lib/python3.10/site-packages/lightning/pytorch/loops/fetchers.py", line 61, in __next__
    batch = next(self.iterator)
  File "/raid/zengchaolv/sz/vavim_finetune_nuscenes/env/lib/python3.10/site-packages/lightning/pytorch/utilities/combined_loader.py", line 341, in __next__
    out = next(self._iterator)
  File "/raid/zengchaolv/sz/vavim_finetune_nuscenes/env/lib/python3.10/site-packages/lightning/pytorch/utilities/combined_loader.py", line 78, in __next__
    out[i] = next(self.iterators[i])
  File "/raid/zengchaolv/sz/vavim_finetune_nuscenes/env/lib/python3.10/site-packages/torchdata/stateful_dataloader/stateful_dataloader.py", line 450, in __next__
    return super().__next__()
  File "/raid/zengchaolv/sz/vavim_finetune_nuscenes/env/lib/python3.10/site-packages/torch/utils/data/dataloader.py", line 630, in __next__
    data = self._next_data()
  File "/raid/zengchaolv/sz/vavim_finetune_nuscenes/env/lib/python3.10/site-packages/torchdata/stateful_dataloader/stateful_dataloader.py", line 1456, in _next_data
    return self._process_data(data, worker_id, state_dict)
  File "/raid/zengchaolv/sz/vavim_finetune_nuscenes/env/lib/python3.10/site-packages/torchdata/stateful_dataloader/stateful_dataloader.py", line 1543, in _process_data
    data.reraise()
  File "/raid/zengchaolv/sz/vavim_finetune_nuscenes/env/lib/python3.10/site-packages/torch/_utils.py", line 706, in reraise
    raise exception
FileNotFoundError: Caught FileNotFoundError in DataLoader worker process 0.
Original Traceback (most recent call last):
  File "/raid/zengchaolv/sz/vavim_finetune_nuscenes/env/lib/python3.10/site-packages/torchdata/stateful_dataloader/worker.py", line 242, in _worker_loop
    data = fetcher.fetch(index)  # type: ignore[union-attr]
  File "/raid/zengchaolv/sz/vavim_finetune_nuscenes/env/lib/python3.10/site-packages/torch/utils/data/_utils/fetch.py", line 52, in fetch
    data = [self.dataset[idx] for idx in possibly_batched_index]
  File "/raid/zengchaolv/sz/vavim_finetune_nuscenes/env/lib/python3.10/site-packages/torch/utils/data/_utils/fetch.py", line 52, in <listcomp>
    data = [self.dataset[idx] for idx in possibly_batched_index]
  File "/raid/zengchaolv/sz/vavim_finetune_nuscenes/env/lib/python3.10/site-packages/torch/utils/data/dataset.py", line 350, in __getitem__
    return self.datasets[dataset_idx][sample_idx]
  File "/raid/zengchaolv/sz/vavim_finetune_nuscenes/env/lib/python3.10/site-packages/torch/utils/data/dataset.py", line 350, in __getitem__
    return self.datasets[dataset_idx][sample_idx]
  File "/raid/zengchaolv/sz/vavim_finetune_nuscenes/vam/datalib/ego_trajectory_dataset.py", line 260, in __getitem__
    tokens = torch.from_numpy(np.load(file_path)).to(dtype=torch.long)
  File "/raid/zengchaolv/sz/vavim_finetune_nuscenes/env/lib/python3.10/site-packages/numpy/lib/_npyio_impl.py", line 451, in load
    fid = stack.enter_context(open(os.fspath(file), "rb"))
FileNotFoundError: [Errno 2] No such file or directory: '/raid/zengchaolv/sz/vavim_finetune_nuscenes/data/tokens/samples/CAM_FRONT/n008-2018-09-18-14-54-39-0400__CAM_FRONT__1537297160012404.npy'

[2026-04-24 19:19:10,087][vam.utils.task_utils][INFO] - [rank: 0] Output dir: /raid/zengchaolv/sz/vavim_finetune_nuscenes/output
