[2026-04-24 19:01:59,250][__main__][INFO] - [rank: 0] Instantiating datamodule <vam.datalib.finetuning_datamodule.MixFinetuningDataModule>
[2026-04-24 19:01:59,680][vam.utils.task_utils][ERROR] - [rank: 0] 
Traceback (most recent call last):
  File "/raid/zengchaolv/sz/vavim_finetune_nuscenes/vam/utils/task_utils.py", line 63, in wrap
    metric_dict, object_dict = task_func(config=config)
  File "/raid/zengchaolv/sz/vavim_finetune_nuscenes/vam/train.py", line 57, in train
    config.scheduler.num_iter = pretrained_global_step
  File "/raid/zengchaolv/sz/vavim_finetune_nuscenes/env/lib/python3.10/site-packages/omegaconf/dictconfig.py", line 337, in __setattr__
    raise e
  File "/raid/zengchaolv/sz/vavim_finetune_nuscenes/env/lib/python3.10/site-packages/omegaconf/dictconfig.py", line 334, in __setattr__
    self.__set_impl(key, value)
  File "/raid/zengchaolv/sz/vavim_finetune_nuscenes/env/lib/python3.10/site-packages/omegaconf/dictconfig.py", line 318, in __set_impl
    self._set_item_impl(key, value)
  File "/raid/zengchaolv/sz/vavim_finetune_nuscenes/env/lib/python3.10/site-packages/omegaconf/basecontainer.py", line 549, in _set_item_impl
    self._validate_set(key, value)
  File "/raid/zengchaolv/sz/vavim_finetune_nuscenes/env/lib/python3.10/site-packages/omegaconf/dictconfig.py", line 180, in _validate_set
    target = self._get_node(key) if key is not None else self
  File "/raid/zengchaolv/sz/vavim_finetune_nuscenes/env/lib/python3.10/site-packages/omegaconf/dictconfig.py", line 475, in _get_node
    self._validate_get(key)
  File "/raid/zengchaolv/sz/vavim_finetune_nuscenes/env/lib/python3.10/site-packages/omegaconf/dictconfig.py", line 164, in _validate_get
    self._format_and_raise(
  File "/raid/zengchaolv/sz/vavim_finetune_nuscenes/env/lib/python3.10/site-packages/omegaconf/base.py", line 231, in _format_and_raise
    format_and_raise(
  File "/raid/zengchaolv/sz/vavim_finetune_nuscenes/env/lib/python3.10/site-packages/omegaconf/_utils.py", line 899, in format_and_raise
    _raise(ex, cause)
  File "/raid/zengchaolv/sz/vavim_finetune_nuscenes/env/lib/python3.10/site-packages/omegaconf/_utils.py", line 797, in _raise
    raise ex.with_traceback(sys.exc_info()[2])  # set env var OC_CAUSE=1 for full trace
omegaconf.errors.ConfigAttributeError: Key 'num_iter' is not in struct
    full_key: scheduler.num_iter
    object_type=dict
[2026-04-24 19:01:59,681][vam.utils.task_utils][INFO] - [rank: 0] Output dir: /raid/zengchaolv/sz/vavim_finetune_nuscenes/output
