[2026-04-24 19:03:44,142][__main__][INFO] - [rank: 0] Instantiating datamodule <vam.datalib.finetuning_datamodule.MixFinetuningDataModule>
[2026-04-24 19:03:44,528][__main__][INFO] - [rank: 0] Finetuning | past global_step = 139763 
[2026-04-24 19:03:44,528][__main__][INFO] - [rank: 0] Finetuning | scheduler.end_iter=149763 ; scheduler.drop_iter=10000
[2026-04-24 19:03:44,528][__main__][INFO] - [rank: 0] Instantiating model <vam.video_pretraining.NextTokenPredictor>
[2026-04-24 19:03:47,956][__main__][INFO] - [rank: 0] Instantiating callbacks...
[2026-04-24 19:03:47,957][vam.utils.instantiators][WARNING] - [rank: 0] No callback configs found! Skipping..
[2026-04-24 19:03:47,957][__main__][INFO] - [rank: 0] Instantiating loggers...
[2026-04-24 19:03:47,957][vam.utils.instantiators][WARNING] - [rank: 0] No logger configs found! Skipping...
[2026-04-24 19:03:47,957][__main__][INFO] - [rank: 0] Instantiating trainer <lightning.pytorch.trainer.Trainer>
[2026-04-24 19:03:48,123][__main__][INFO] - [rank: 0] Starting training!
[2026-04-24 19:03:48,796][vam.utils.task_utils][ERROR] - [rank: 0] 
Traceback (most recent call last):
  File "/raid/zengchaolv/sz/vavim_finetune_nuscenes/vam/utils/task_utils.py", line 63, in wrap
    metric_dict, object_dict = task_func(config=config)
  File "/raid/zengchaolv/sz/vavim_finetune_nuscenes/vam/train.py", line 94, in train
    trainer.fit(model=model, datamodule=datamodule, ckpt_path=config.get("ckpt_path"))
  File "/raid/zengchaolv/sz/vavim_finetune_nuscenes/env/lib/python3.10/site-packages/lightning/pytorch/trainer/trainer.py", line 584, in fit
    call._call_and_handle_interrupt(
  File "/raid/zengchaolv/sz/vavim_finetune_nuscenes/env/lib/python3.10/site-packages/lightning/pytorch/trainer/call.py", line 49, in _call_and_handle_interrupt
    return trainer_fn(*args, **kwargs)
  File "/raid/zengchaolv/sz/vavim_finetune_nuscenes/env/lib/python3.10/site-packages/lightning/pytorch/trainer/trainer.py", line 630, in _fit_impl
    self._run(model, ckpt_path=ckpt_path, weights_only=weights_only)
  File "/raid/zengchaolv/sz/vavim_finetune_nuscenes/env/lib/python3.10/site-packages/lightning/pytorch/trainer/trainer.py", line 1039, in _run
    call._call_setup_hook(self)  # allow user to set up LightningModule in accelerator environment
  File "/raid/zengchaolv/sz/vavim_finetune_nuscenes/env/lib/python3.10/site-packages/lightning/pytorch/trainer/call.py", line 108, in _call_setup_hook
    _call_lightning_datamodule_hook(trainer, "setup", stage=fn)
  File "/raid/zengchaolv/sz/vavim_finetune_nuscenes/env/lib/python3.10/site-packages/lightning/pytorch/trainer/call.py", line 199, in _call_lightning_datamodule_hook
    return fn(*args, **kwargs)
  File "/raid/zengchaolv/sz/vavim_finetune_nuscenes/vam/datalib/finetuning_datamodule.py", line 101, in setup
    self.train_dataset = all_token_datasets(
  File "/raid/zengchaolv/sz/vavim_finetune_nuscenes/vam/datalib/data_mixing.py", line 66, in all_token_datasets
    opendv_dataset = OpenDVTokensDataset(
  File "/raid/zengchaolv/sz/vavim_finetune_nuscenes/vam/datalib/opendv_tokens_dataset.py", line 22, in __init__
    self.data_root_dir = os.path.expanduser(os.path.expandvars(data_root_dir))
  File "/raid/zengchaolv/sz/vavim_finetune_nuscenes/env/lib/python3.10/posixpath.py", line 289, in expandvars
    path = os.fspath(path)
TypeError: expected str, bytes or os.PathLike object, not NoneType
[2026-04-24 19:03:48,797][vam.utils.task_utils][INFO] - [rank: 0] Output dir: /raid/zengchaolv/sz/vavim_finetune_nuscenes/output
